javax.net.ssl.SSLHandshakeException: PKIX path building failed: sun.security.provider.certpath.SunCertPathBuilderException: unable to find valid certification path to requested targetjavax.net.ssl.SSLHandshakeException: PKIX path building failed: sun.security.provider.certpath.SunCertPathBuilderException: unable to find valid certification path to requested target

	at sun.security.ssl.Alert.createSSLException(Alert.java:131)	at sun.security.ssl.Alert.createSSLException(Alert.java:131)

	at sun.security.ssl.TransportContext.fatal(TransportContext.java:324)	at sun.security.ssl.TransportContext.fatal(TransportContext.java:324)

	at sun.security.ssl.TransportContext.fatal(TransportContext.java:267)	at sun.security.ssl.TransportContext.fatal(TransportContext.java:267)

	at sun.security.ssl.TransportContext.fatal(TransportContext.java:262)	at sun.security.ssl.TransportContext.fatal(TransportContext.java:262)

	at sun.security.ssl.CertificateMessage$T12CertificateConsumer.checkServerCerts(CertificateMessage.java:654)	at sun.security.ssl.CertificateMessage$T12CertificateConsumer.checkServerCerts(CertificateMessage.java:654)

	at sun.security.ssl.CertificateMessage$T12CertificateConsumer.onCertificate(CertificateMessage.java:473)	at sun.security.ssl.CertificateMessage$T12CertificateConsumer.onCertificate(CertificateMessage.java:473)

	at sun.security.ssl.CertificateMessage$T12CertificateConsumer.consume(CertificateMessage.java:369)	at sun.security.ssl.CertificateMessage$T12CertificateConsumer.consume(CertificateMessage.java:369)

	at sun.security.ssl.SSLHandshake.consume(SSLHandshake.java:377)	at sun.security.ssl.SSLHandshake.consume(SSLHandshake.java:377)

	at sun.security.ssl.HandshakeContext.dispatch(HandshakeContext.java:444)	at sun.security.ssl.HandshakeContext.dispatch(HandshakeContext.java:444)

	at sun.security.ssl.HandshakeContext.dispatch(HandshakeContext.java:422)	at sun.security.ssl.HandshakeContext.dispatch(HandshakeContext.java:422)

	at sun.security.ssl.TransportContext.dispatch(TransportContext.java:182)	at sun.security.ssl.TransportContext.dispatch(TransportContext.java:182)

	at sun.security.ssl.SSLTransport.decode(SSLTransport.java:152)	at sun.security.ssl.SSLTransport.decode(SSLTransport.java:152)

	at sun.security.ssl.SSLSocketImpl.decode(SSLSocketImpl.java:1392)	at sun.security.ssl.SSLSocketImpl.decode(SSLSocketImpl.java:1392)

	at sun.security.ssl.SSLSocketImpl.readHandshakeRecord(SSLSocketImpl.java:1300)	at sun.security.ssl.SSLSocketImpl.readHandshakeRecord(SSLSocketImpl.java:1300)

	at sun.security.ssl.SSLSocketImpl.startHandshake(SSLSocketImpl.java:435)	at sun.security.ssl.SSLSocketImpl.startHandshake(SSLSocketImpl.java:435)

	at sun.net.www.protocol.https.HttpsClient.afterConnect(HttpsClient.java:559)	at sun.net.www.protocol.https.HttpsClient.afterConnect(HttpsClient.java:559)

	at sun.net.www.protocol.https.AbstractDelegateHttpsURLConnection.connect(AbstractDelegateHttpsURLConnection.java:197)	at sun.net.www.protocol.https.AbstractDelegateHttpsURLConnection.connect(AbstractDelegateHttpsURLConnection.java:197)

	at sun.net.www.protocol.https.HttpsURLConnectionImpl.connect(HttpsURLConnectionImpl.java:167)	at sun.net.www.protocol.https.HttpsURLConnectionImpl.connect(HttpsURLConnectionImpl.java:167)

	at net.minecraftforge.gradle.common.BasePlugin.getWithEtag(BasePlugin.java:651)	at net.minecraftforge.gradle.common.BasePlugin.getWithEtag(BasePlugin.java:651)

	at net.minecraftforge.gradle.common.BasePlugin.getRemoteJsons(BasePlugin.java:218)	at net.minecraftforge.gradle.common.BasePlugin.getRemoteJsons(BasePlugin.java:218)

	at net.minecraftforge.gradle.common.BasePlugin.apply(BasePlugin.java:172)	at net.minecraftforge.gradle.common.BasePlugin.apply(BasePlugin.java:172)

	at net.minecraftforge.gradle.common.BasePlugin.apply(BasePlugin.java:89)	at net.minecraftforge.gradle.common.BasePlugin.apply(BasePlugin.java:89)

	at org.gradle.api.internal.plugins.ImperativeOnlyPluginApplicator.applyImperative(ImperativeOnlyPluginApplicator.java:35)	at org.gradle.api.internal.plugins.ImperativeOnlyPluginApplicator.applyImperative(ImperativeOnlyPluginApplicator.java:35)

	at org.gradle.api.internal.plugins.RuleBasedPluginApplicator.applyImperative(RuleBasedPluginApplicator.java:43)	at org.gradle.api.internal.plugins.RuleBasedPluginApplicator.applyImperative(RuleBasedPluginApplicator.java:43)

	at org.gradle.api.internal.plugins.DefaultPluginManager.doApply(DefaultPluginManager.java:139)	at org.gradle.api.internal.plugins.DefaultPluginManager.doApply(DefaultPluginManager.java:139)

	at org.gradle.api.internal.plugins.DefaultPluginManager.apply(DefaultPluginManager.java:112)	at org.gradle.api.internal.plugins.DefaultPluginManager.apply(DefaultPluginManager.java:112)

	at org.gradle.api.internal.plugins.DefaultObjectConfigurationAction.applyType(DefaultObjectConfigurationAction.java:113)	at org.gradle.api.internal.plugins.DefaultObjectConfigurationAction.applyType(DefaultObjectConfigurationAction.java:113)

	at org.gradle.api.internal.plugins.DefaultObjectConfigurationAction.access$200(DefaultObjectConfigurationAction.java:36)	at org.gradle.api.internal.plugins.DefaultObjectConfigurationAction.access$200(DefaultObjectConfigurationAction.java:36)

	at org.gradle.api.internal.plugins.DefaultObjectConfigurationAction$3.run(DefaultObjectConfigurationAction.java:80)	at org.gradle.api.internal.plugins.DefaultObjectConfigurationAction$3.run(DefaultObjectConfigurationAction.java:80)

	at org.gradle.api.internal.plugins.DefaultObjectConfigurationAction.execute(DefaultObjectConfigurationAction.java:136)	at org.gradle.api.internal.plugins.DefaultObjectConfigurationAction.execute(DefaultObjectConfigurationAction.java:136)

	at org.gradle.api.internal.project.AbstractPluginAware.apply(AbstractPluginAware.java:44)	at org.gradle.api.internal.project.AbstractPluginAware.apply(AbstractPluginAware.java:44)

	at org.gradle.api.internal.project.ProjectScript.apply(ProjectScript.java:34)	at org.gradle.api.internal.project.ProjectScript.apply(ProjectScript.java:34)

	at org.gradle.api.Script$apply.callCurrent(Unknown Source)	at org.gradle.api.Script$apply.callCurrent(Unknown Source)

	at org.codehaus.groovy.runtime.callsite.CallSiteArray.defaultCallCurrent(CallSiteArray.java:52)	at org.codehaus.groovy.runtime.callsite.CallSiteArray.defaultCallCurrent(CallSiteArray.java:52)

	at org.codehaus.groovy.runtime.callsite.AbstractCallSite.callCurrent(AbstractCallSite.java:154)	at org.codehaus.groovy.runtime.callsite.AbstractCallSite.callCurrent(AbstractCallSite.java:154)

	at org.codehaus.groovy.runtime.callsite.AbstractCallSite.callCurrent(AbstractCallSite.java:166)	at org.codehaus.groovy.runtime.callsite.AbstractCallSite.callCurrent(AbstractCallSite.java:166)

	at build_d0p2us3rb296n751e2eqb5hof.run(/Users/shuning/IdeaProjects/Skarpcraft/Forge-Tutorial/build.gradle:15)	at build_d0p2us3rb296n751e2eqb5hof.run(/Users/shuning/IdeaProjects/Skarpcraft/Forge-Tutorial/build.gradle:15)

	at org.gradle.groovy.scripts.internal.DefaultScriptRunnerFactory$ScriptRunnerImpl.run(DefaultScriptRunnerFactory.java:90)	at org.gradle.groovy.scripts.internal.DefaultScriptRunnerFactory$ScriptRunnerImpl.run(DefaultScriptRunnerFactory.java:90)

	at org.gradle.configuration.DefaultScriptPluginFactory$ScriptPluginImpl$2.run(DefaultScriptPluginFactory.java:177)	at org.gradle.configuration.DefaultScriptPluginFactory$ScriptPluginImpl$2.run(DefaultScriptPluginFactory.java:177)

	at org.gradle.configuration.ProjectScriptTarget.addConfiguration(ProjectScriptTarget.java:77)	at org.gradle.configuration.ProjectScriptTarget.addConfiguration(ProjectScriptTarget.java:77)

	at org.gradle.configuration.DefaultScriptPluginFactory$ScriptPluginImpl.apply(DefaultScriptPluginFactory.java:182)	at org.gradle.configuration.DefaultScriptPluginFactory$ScriptPluginImpl.apply(DefaultScriptPluginFactory.java:182)

	at org.gradle.configuration.project.BuildScriptProcessor.execute(BuildScriptProcessor.java:38)	at org.gradle.configuration.project.BuildScriptProcessor.execute(BuildScriptProcessor.java:38)

	at org.gradle.configuration.project.BuildScriptProcessor.execute(BuildScriptProcessor.java:25)	at org.gradle.configuration.project.BuildScriptProcessor.execute(BuildScriptProcessor.java:25)

	at org.gradle.configuration.project.ConfigureActionsProjectEvaluator.evaluate(ConfigureActionsProjectEvaluator.java:34)	at org.gradle.configuration.project.ConfigureActionsProjectEvaluator.evaluate(ConfigureActionsProjectEvaluator.java:34)

	at org.gradle.configuration.project.LifecycleProjectEvaluator.evaluate(LifecycleProjectEvaluator.java:55)	at org.gradle.configuration.project.LifecycleProjectEvaluator.evaluate(LifecycleProjectEvaluator.java:55)

	at org.gradle.api.internal.project.DefaultProject.evaluate(DefaultProject.java:573)	at org.gradle.api.internal.project.DefaultProject.evaluate(DefaultProject.java:573)

	at org.gradle.api.internal.project.DefaultProject.evaluate(DefaultProject.java:125)	at org.gradle.api.internal.project.DefaultProject.evaluate(DefaultProject.java:125)

	at org.gradle.execution.TaskPathProjectEvaluator.configureHierarchy(TaskPathProjectEvaluator.java:42)	at org.gradle.execution.TaskPathProjectEvaluator.configureHierarchy(TaskPathProjectEvaluator.java:42)

	at org.gradle.configuration.DefaultBuildConfigurer.configure(DefaultBuildConfigurer.java:38)	at org.gradle.configuration.DefaultBuildConfigurer.configure(DefaultBuildConfigurer.java:38)

	at org.gradle.initialization.DefaultGradleLauncher$2.run(DefaultGradleLauncher.java:124)	at org.gradle.initialization.DefaultGradleLauncher$2.run(DefaultGradleLauncher.java:124)

	at org.gradle.internal.Factories$1.create(Factories.java:22)	at org.gradle.internal.Factories$1.create(Factories.java:22)

	at org.gradle.internal.progress.DefaultBuildOperationExecutor.run(DefaultBuildOperationExecutor.java:91)	at org.gradle.internal.progress.DefaultBuildOperationExecutor.run(DefaultBuildOperationExecutor.java:91)

	at org.gradle.internal.progress.DefaultBuildOperationExecutor.run(DefaultBuildOperationExecutor.java:53)	at org.gradle.internal.progress.DefaultBuildOperationExecutor.run(DefaultBuildOperationExecutor.java:53)

	at org.gradle.initialization.DefaultGradleLauncher.doBuildStages(DefaultGradleLauncher.java:121)	at org.gradle.initialization.DefaultGradleLauncher.doBuildStages(DefaultGradleLauncher.java:121)

	at org.gradle.initialization.DefaultGradleLauncher.access$200(DefaultGradleLauncher.java:32)	at org.gradle.initialization.DefaultGradleLauncher.access$200(DefaultGradleLauncher.java:32)

	at org.gradle.initialization.DefaultGradleLauncher$1.create(DefaultGradleLauncher.java:98)	at org.gradle.initialization.DefaultGradleLauncher$1.create(DefaultGradleLauncher.java:98)

	at org.gradle.initialization.DefaultGradleLauncher$1.create(DefaultGradleLauncher.java:92)	at org.gradle.initialization.DefaultGradleLauncher$1.create(DefaultGradleLauncher.java:92)

	at org.gradle.internal.progress.DefaultBuildOperationExecutor.run(DefaultBuildOperationExecutor.java:91)	at org.gradle.internal.progress.DefaultBuildOperationExecutor.run(DefaultBuildOperationExecutor.java:91)

	at org.gradle.internal.progress.DefaultBuildOperationExecutor.run(DefaultBuildOperationExecutor.java:63)	at org.gradle.internal.progress.DefaultBuildOperationExecutor.run(DefaultBuildOperationExecutor.java:63)

	at org.gradle.initialization.DefaultGradleLauncher.doBuild(DefaultGradleLauncher.java:92)	at org.gradle.initialization.DefaultGradleLauncher.doBuild(DefaultGradleLauncher.java:92)

	at org.gradle.initialization.DefaultGradleLauncher.getBuildAnalysis(DefaultGradleLauncher.java:88)	at org.gradle.initialization.DefaultGradleLauncher.getBuildAnalysis(DefaultGradleLauncher.java:88)

	at org.gradle.launcher.exec.InProcessBuildActionExecuter$DefaultBuildController.configure(InProcessBuildActionExecuter.java:102)	at org.gradle.launcher.exec.InProcessBuildActionExecuter$DefaultBuildController.configure(InProcessBuildActionExecuter.java:102)

	at org.gradle.tooling.internal.provider.runner.ClientProvidedBuildActionRunner.run(ClientProvidedBuildActionRunner.java:45)	at org.gradle.tooling.internal.provider.runner.ClientProvidedBuildActionRunner.run(ClientProvidedBuildActionRunner.java:45)

	at org.gradle.launcher.exec.ChainingBuildActionRunner.run(ChainingBuildActionRunner.java:35)	at org.gradle.launcher.exec.ChainingBuildActionRunner.run(ChainingBuildActionRunner.java:35)

	at org.gradle.tooling.internal.provider.runner.SubscribableBuildActionRunner.run(SubscribableBuildActionRunner.java:58)	at org.gradle.tooling.internal.provider.runner.SubscribableBuildActionRunner.run(SubscribableBuildActionRunner.java:58)

	at org.gradle.launcher.exec.ChainingBuildActionRunner.run(ChainingBuildActionRunner.java:35)	at org.gradle.launcher.exec.ChainingBuildActionRunner.run(ChainingBuildActionRunner.java:35)

	at org.gradle.launcher.exec.InProcessBuildActionExecuter.execute(InProcessBuildActionExecuter.java:43)	at org.gradle.launcher.exec.InProcessBuildActionExecuter.execute(InProcessBuildActionExecuter.java:43)

	at org.gradle.launcher.exec.InProcessBuildActionExecuter.execute(InProcessBuildActionExecuter.java:28)	at org.gradle.launcher.exec.InProcessBuildActionExecuter.execute(InProcessBuildActionExecuter.java:28)

	at org.gradle.launcher.exec.ContinuousBuildActionExecuter.execute(ContinuousBuildActionExecuter.java:82)	at org.gradle.launcher.exec.ContinuousBuildActionExecuter.execute(ContinuousBuildActionExecuter.java:82)

	at org.gradle.launcher.exec.ContinuousBuildActionExecuter.execute(ContinuousBuildActionExecuter.java:49)	at org.gradle.launcher.exec.ContinuousBuildActionExecuter.execute(ContinuousBuildActionExecuter.java:49)

	at org.gradle.launcher.daemon.server.exec.ExecuteBuild.doBuild(ExecuteBuild.java:59)	at org.gradle.launcher.daemon.server.exec.ExecuteBuild.doBuild(ExecuteBuild.java:59)

	at org.gradle.launcher.daemon.server.exec.BuildCommandOnly.execute(BuildCommandOnly.java:36)	at org.gradle.launcher.daemon.server.exec.BuildCommandOnly.execute(BuildCommandOnly.java:36)

	at org.gradle.launcher.daemon.server.api.DaemonCommandExecution.proceed(DaemonCommandExecution.java:120)	at org.gradle.launcher.daemon.server.api.DaemonCommandExecution.proceed(DaemonCommandExecution.java:120)

	at org.gradle.launcher.daemon.server.exec.WatchForDisconnection.execute(WatchForDisconnection.java:49)	at org.gradle.launcher.daemon.server.exec.WatchForDisconnection.execute(WatchForDisconnection.java:49)

	at org.gradle.launcher.daemon.server.api.DaemonCommandExecution.proceed(DaemonCommandExecution.java:120)	at org.gradle.launcher.daemon.server.api.DaemonCommandExecution.proceed(DaemonCommandExecution.java:120)

	at org.gradle.launcher.daemon.server.exec.ResetDeprecationLogger.execute(ResetDeprecationLogger.java:26)	at org.gradle.launcher.daemon.server.exec.ResetDeprecationLogger.execute(ResetDeprecationLogger.java:26)

	at org.gradle.launcher.daemon.server.api.DaemonCommandExecution.proceed(DaemonCommandExecution.java:120)	at org.gradle.launcher.daemon.server.api.DaemonCommandExecution.proceed(DaemonCommandExecution.java:120)

	at org.gradle.launcher.daemon.server.exec.RequestStopIfSingleUsedDaemon.execute(RequestStopIfSingleUsedDaemon.java:34)	at org.gradle.launcher.daemon.server.exec.RequestStopIfSingleUsedDaemon.execute(RequestStopIfSingleUsedDaemon.java:34)

	at org.gradle.launcher.daemon.server.api.DaemonCommandExecution.proceed(DaemonCommandExecution.java:120)	at org.gradle.launcher.daemon.server.api.DaemonCommandExecution.proceed(DaemonCommandExecution.java:120)

	at org.gradle.launcher.daemon.server.exec.ForwardClientInput$2.call(ForwardClientInput.java:74)	at org.gradle.launcher.daemon.server.exec.ForwardClientInput$2.call(ForwardClientInput.java:74)

	at org.gradle.launcher.daemon.server.exec.ForwardClientInput$2.call(ForwardClientInput.java:72)	at org.gradle.launcher.daemon.server.exec.ForwardClientInput$2.call(ForwardClientInput.java:72)

	at org.gradle.util.Swapper.swap(Swapper.java:38)	at org.gradle.util.Swapper.swap(Swapper.java:38)

	at org.gradle.launcher.daemon.server.exec.ForwardClientInput.execute(ForwardClientInput.java:72)	at org.gradle.launcher.daemon.server.exec.ForwardClientInput.execute(ForwardClientInput.java:72)

	at org.gradle.launcher.daemon.server.api.DaemonCommandExecution.proceed(DaemonCommandExecution.java:120)	at org.gradle.launcher.daemon.server.api.DaemonCommandExecution.proceed(DaemonCommandExecution.java:120)

	at org.gradle.launcher.daemon.server.exec.LogAndCheckHealth.execute(LogAndCheckHealth.java:55)	at org.gradle.launcher.daemon.server.exec.LogAndCheckHealth.execute(LogAndCheckHealth.java:55)

	at org.gradle.launcher.daemon.server.api.DaemonCommandExecution.proceed(DaemonCommandExecution.java:120)	at org.gradle.launcher.daemon.server.api.DaemonCommandExecution.proceed(DaemonCommandExecution.java:120)

	at org.gradle.launcher.daemon.server.exec.LogToClient.doBuild(LogToClient.java:60)	at org.gradle.launcher.daemon.server.exec.LogToClient.doBuild(LogToClient.java:60)

	at org.gradle.launcher.daemon.server.exec.BuildCommandOnly.execute(BuildCommandOnly.java:36)	at org.gradle.launcher.daemon.server.exec.BuildCommandOnly.execute(BuildCommandOnly.java:36)

	at org.gradle.launcher.daemon.server.api.DaemonCommandExecution.proceed(DaemonCommandExecution.java:120)	at org.gradle.launcher.daemon.server.api.DaemonCommandExecution.proceed(DaemonCommandExecution.java:120)

	at org.gradle.launcher.daemon.server.exec.EstablishBuildEnvironment.doBuild(EstablishBuildEnvironment.java:72)	at org.gradle.launcher.daemon.server.exec.EstablishBuildEnvironment.doBuild(EstablishBuildEnvironment.java:72)

	at org.gradle.launcher.daemon.server.exec.BuildCommandOnly.execute(BuildCommandOnly.java:36)	at org.gradle.launcher.daemon.server.exec.BuildCommandOnly.execute(BuildCommandOnly.java:36)

	at org.gradle.launcher.daemon.server.api.DaemonCommandExecution.proceed(DaemonCommandExecution.java:120)	at org.gradle.launcher.daemon.server.api.DaemonCommandExecution.proceed(DaemonCommandExecution.java:120)

	at org.gradle.launcher.daemon.server.exec.HintGCAfterBuild.execute(HintGCAfterBuild.java:44)	at org.gradle.launcher.daemon.server.exec.HintGCAfterBuild.execute(HintGCAfterBuild.java:44)

	at org.gradle.launcher.daemon.server.api.DaemonCommandExecution.proceed(DaemonCommandExecution.java:120)	at org.gradle.launcher.daemon.server.api.DaemonCommandExecution.proceed(DaemonCommandExecution.java:120)

	at org.gradle.launcher.daemon.server.exec.StartBuildOrRespondWithBusy$1.run(StartBuildOrRespondWithBusy.java:50)	at org.gradle.launcher.daemon.server.exec.StartBuildOrRespondWithBusy$1.run(StartBuildOrRespondWithBusy.java:50)

	at org.gradle.launcher.daemon.server.DaemonStateCoordinator$1.run(DaemonStateCoordinator.java:240)	at org.gradle.launcher.daemon.server.DaemonStateCoordinator$1.run(DaemonStateCoordinator.java:240)

	at org.gradle.internal.concurrent.ExecutorPolicy$CatchAndRecordFailures.onExecute(ExecutorPolicy.java:54)	at org.gradle.internal.concurrent.ExecutorPolicy$CatchAndRecordFailures.onExecute(ExecutorPolicy.java:54)

	at org.gradle.internal.concurrent.StoppableExecutorImpl$1.run(StoppableExecutorImpl.java:40)	at org.gradle.internal.concurrent.StoppableExecutorImpl$1.run(StoppableExecutorImpl.java:40)

	at java.util.concurrent.ThreadPoolExecutor.runWorker(ThreadPoolExecutor.java:1149)	at java.util.concurrent.ThreadPoolExecutor.runWorker(ThreadPoolExecutor.java:1149)

	at java.util.concurrent.ThreadPoolExecutor$Worker.run(ThreadPoolExecutor.java:624)	at java.util.concurrent.ThreadPoolExecutor$Worker.run(ThreadPoolExecutor.java:624)

	at java.lang.Thread.run(Thread.java:748)	at java.lang.Thread.run(Thread.java:748)

Caused by: sun.security.validator.ValidatorException: PKIX path building failed: sun.security.provider.certpath.SunCertPathBuilderException: unable to find valid certification path to requested targetCaused by: sun.security.validator.ValidatorException: PKIX path building failed: sun.security.provider.certpath.SunCertPathBuilderException: unable to find valid certification path to requested target

	at sun.security.validator.PKIXValidator.doBuild(PKIXValidator.java:456)	at sun.security.validator.PKIXValidator.doBuild(PKIXValidator.java:456)

	at sun.security.validator.PKIXValidator.engineValidate(PKIXValidator.java:323)	at sun.security.validator.PKIXValidator.engineValidate(PKIXValidator.java:323)

	at sun.security.validator.Validator.validate(Validator.java:271)	at sun.security.validator.Validator.validate(Validator.java:271)

	at sun.security.ssl.X509TrustManagerImpl.validate(X509TrustManagerImpl.java:315)	at sun.security.ssl.X509TrustManagerImpl.validate(X509TrustManagerImpl.java:315)

	at sun.security.ssl.X509TrustManagerImpl.checkTrusted(X509TrustManagerImpl.java:223)	at sun.security.ssl.X509TrustManagerImpl.checkTrusted(X509TrustManagerImpl.java:223)

	at sun.security.ssl.X509TrustManagerImpl.checkServerTrusted(X509TrustManagerImpl.java:129)	at sun.security.ssl.X509TrustManagerImpl.checkServerTrusted(X509TrustManagerImpl.java:129)

	at sun.security.ssl.CertificateMessage$T12CertificateConsumer.checkServerCerts(CertificateMessage.java:638)	at sun.security.ssl.CertificateMessage$T12CertificateConsumer.checkServerCerts(CertificateMessage.java:638)

	... 96 more	... 96 more

Caused by: sun.security.provider.certpath.SunCertPathBuilderException: unable to find valid certification path to requested targetCaused by: sun.security.provider.certpath.SunCertPathBuilderException: unable to find valid certification path to requested target

	at sun.security.provider.certpath.SunCertPathBuilder.build(SunCertPathBuilder.java:141)	at sun.security.provider.certpath.SunCertPathBuilder.build(SunCertPathBuilder.java:141)

	at sun.security.provider.certpath.SunCertPathBuilder.engineBuild(SunCertPathBuilder.java:126)	at sun.security.provider.certpath.SunCertPathBuilder.engineBuild(SunCertPathBuilder.java:126)

	at java.security.cert.CertPathBuilder.build(CertPathBuilder.java:280)	at java.security.cert.CertPathBuilder.build(CertPathBuilder.java:280)

	at sun.security.validator.PKIXValidator.doBuild(PKIXValidator.java:451)	at sun.security.validator.PKIXValidator.doBuild(PKIXValidator.java:451)

	... 102 more	... 102 more


FAILURE: Build failed with an exception.

* Where:
Build file '/Users/shuning/IdeaProjects/Skarpcraft/Forge-Tutorial/build.gradle' line: 15

* What went wrong:
A problem occurred evaluating root project 'Forge-Tutorial'.
> Failed to apply plugin [id 'net.minecraftforge.gradle.forge']
   > Unable to obtain url (https://launchermeta.mojang.com/mc/game/version_manifest.json) with etag!

* Try:
Run with --info or --debug option to get more log output.

* Exception is:
org.gradle.api.GradleScriptException: A problem occurred evaluating root project 'Forge-Tutorial'.
	at org.gradle.groovy.scripts.internal.DefaultScriptRunnerFactory$ScriptRunnerImpl.run(DefaultScriptRunnerFactory.java:92)
	at org.gradle.configuration.DefaultScriptPluginFactory$ScriptPluginImpl$2.run(DefaultScriptPluginFactory.java:177)
	at org.gradle.configuration.ProjectScriptTarget.addConfiguration(ProjectScriptTarget.java:77)
	at org.gradle.configuration.DefaultScriptPluginFactory$ScriptPluginImpl.apply(DefaultScriptPluginFactory.java:182)
	at org.gradle.configuration.project.BuildScriptProcessor.execute(BuildScriptProcessor.java:38)
	at org.gradle.configuration.project.BuildScriptProcessor.execute(BuildScriptProcessor.java:25)
	at org.gradle.configuration.project.ConfigureActionsProjectEvaluator.evaluate(ConfigureActionsProjectEvaluator.java:34)
	at org.gradle.configuration.project.LifecycleProjectEvaluator.evaluate(LifecycleProjectEvaluator.java:55)
	at org.gradle.api.internal.project.DefaultProject.evaluate(DefaultProject.java:573)
	at org.gradle.api.internal.project.DefaultProject.evaluate(DefaultProject.java:125)
	at org.gradle.execution.TaskPathProjectEvaluator.configureHierarchy(TaskPathProjectEvaluator.java:42)
	at org.gradle.configuration.DefaultBuildConfigurer.configure(DefaultBuildConfigurer.java:38)
	at org.gradle.initialization.DefaultGradleLauncher$2.run(DefaultGradleLauncher.java:124)
	at org.gradle.internal.Factories$1.create(Factories.java:22)
	at org.gradle.internal.progress.DefaultBuildOperationExecutor.run(DefaultBuildOperationExecutor.java:91)
	at org.gradle.internal.progress.DefaultBuildOperationExecutor.run(DefaultBuildOperationExecutor.java:53)
	at org.gradle.initialization.DefaultGradleLauncher.doBuildStages(DefaultGradleLauncher.java:121)
	at org.gradle.initialization.DefaultGradleLauncher.access$200(DefaultGradleLauncher.java:32)
	at org.gradle.initialization.DefaultGradleLauncher$1.create(DefaultGradleLauncher.java:98)
	at org.gradle.initialization.DefaultGradleLauncher$1.create(DefaultGradleLauncher.java:92)
	at org.gradle.internal.progress.DefaultBuildOperationExecutor.run(DefaultBuildOperationExecutor.java:91)
	at org.gradle.internal.progress.DefaultBuildOperationExecutor.run(DefaultBuildOperationExecutor.java:63)
	at org.gradle.initialization.DefaultGradleLauncher.doBuild(DefaultGradleLauncher.java:92)
	at org.gradle.initialization.DefaultGradleLauncher.getBuildAnalysis(DefaultGradleLauncher.java:88)
	at org.gradle.launcher.exec.InProcessBuildActionExecuter$DefaultBuildController.configure(InProcessBuildActionExecuter.java:102)
	at org.gradle.tooling.internal.provider.runner.ClientProvidedBuildActionRunner.run(ClientProvidedBuildActionRunner.java:45)
	at org.gradle.launcher.exec.ChainingBuildActionRunner.run(ChainingBuildActionRunner.java:35)
	at org.gradle.tooling.internal.provider.runner.SubscribableBuildActionRunner.run(SubscribableBuildActionRunner.java:58)
	at org.gradle.launcher.exec.ChainingBuildActionRunner.run(ChainingBuildActionRunner.java:35)
	at org.gradle.launcher.exec.InProcessBuildActionExecuter.execute(InProcessBuildActionExecuter.java:43)
	at org.gradle.launcher.exec.InProcessBuildActionExecuter.execute(InProcessBuildActionExecuter.java:28)
	at org.gradle.launcher.exec.ContinuousBuildActionExecuter.execute(ContinuousBuildActionExecuter.java:82)
	at org.gradle.launcher.exec.ContinuousBuildActionExecuter.execute(ContinuousBuildActionExecuter.java:49)
	at org.gradle.launcher.daemon.server.exec.ExecuteBuild.doBuild(ExecuteBuild.java:59)
	at org.gradle.launcher.daemon.server.exec.BuildCommandOnly.execute(BuildCommandOnly.java:36)
	at org.gradle.launcher.daemon.server.api.DaemonCommandExecution.proceed(DaemonCommandExecution.java:120)
	at org.gradle.launcher.daemon.server.exec.WatchForDisconnection.execute(WatchForDisconnection.java:49)
	at org.gradle.launcher.daemon.server.api.DaemonCommandExecution.proceed(DaemonCommandExecution.java:120)
	at org.gradle.launcher.daemon.server.exec.ResetDeprecationLogger.execute(ResetDeprecationLogger.java:26)
	at org.gradle.launcher.daemon.server.api.DaemonCommandExecution.proceed(DaemonCommandExecution.java:120)
	at org.gradle.launcher.daemon.server.exec.RequestStopIfSingleUsedDaemon.execute(RequestStopIfSingleUsedDaemon.java:34)
	at org.gradle.launcher.daemon.server.api.DaemonCommandExecution.proceed(DaemonCommandExecution.java:120)
	at org.gradle.launcher.daemon.server.exec.ForwardClientInput$2.call(ForwardClientInput.java:74)
	at org.gradle.launcher.daemon.server.exec.ForwardClientInput$2.call(ForwardClientInput.java:72)
	at org.gradle.util.Swapper.swap(Swapper.java:38)
	at org.gradle.launcher.daemon.server.exec.ForwardClientInput.execute(ForwardClientInput.java:72)
	at org.gradle.launcher.daemon.server.api.DaemonCommandExecution.proceed(DaemonCommandExecution.java:120)
	at org.gradle.launcher.daemon.server.exec.LogAndCheckHealth.execute(LogAndCheckHealth.java:55)
	at org.gradle.launcher.daemon.server.api.DaemonCommandExecution.proceed(DaemonCommandExecution.java:120)
	at org.gradle.launcher.daemon.server.exec.LogToClient.doBuild(LogToClient.java:60)
	at org.gradle.launcher.daemon.server.exec.BuildCommandOnly.execute(BuildCommandOnly.java:36)
	at org.gradle.launcher.daemon.server.api.DaemonCommandExecution.proceed(DaemonCommandExecution.java:120)
	at org.gradle.launcher.daemon.server.exec.EstablishBuildEnvironment.doBuild(EstablishBuildEnvironment.java:72)
	at org.gradle.launcher.daemon.server.exec.BuildCommandOnly.execute(BuildCommandOnly.java:36)
	at org.gradle.launcher.daemon.server.api.DaemonCommandExecution.proceed(DaemonCommandExecution.java:120)
	at org.gradle.launcher.daemon.server.exec.HintGCAfterBuild.execute(HintGCAfterBuild.java:44)
	at org.gradle.launcher.daemon.server.api.DaemonCommandExecution.proceed(DaemonCommandExecution.java:120)
	at org.gradle.launcher.daemon.server.exec.StartBuildOrRespondWithBusy$1.run(StartBuildOrRespondWithBusy.java:50)
	at org.gradle.launcher.daemon.server.DaemonStateCoordinator$1.run(DaemonStateCoordinator.java:240)
	at org.gradle.internal.concurrent.ExecutorPolicy$CatchAndRecordFailures.onExecute(ExecutorPolicy.java:54)
	at org.gradle.internal.concurrent.StoppableExecutorImpl$1.run(StoppableExecutorImpl.java:40)
Caused by: org.gradle.api.internal.plugins.PluginApplicationException: Failed to apply plugin [id 'net.minecraftforge.gradle.forge']
	at org.gradle.api.internal.plugins.DefaultPluginManager.doApply(DefaultPluginManager.java:155)
	at org.gradle.api.internal.plugins.DefaultPluginManager.apply(DefaultPluginManager.java:112)
	at org.gradle.api.internal.plugins.DefaultObjectConfigurationAction.applyType(DefaultObjectConfigurationAction.java:113)
	at org.gradle.api.internal.plugins.DefaultObjectConfigurationAction.access$200(DefaultObjectConfigurationAction.java:36)
	at org.gradle.api.internal.plugins.DefaultObjectConfigurationAction$3.run(DefaultObjectConfigurationAction.java:80)
	at org.gradle.api.internal.plugins.DefaultObjectConfigurationAction.execute(DefaultObjectConfigurationAction.java:136)
	at org.gradle.api.internal.project.AbstractPluginAware.apply(AbstractPluginAware.java:44)
	at org.gradle.api.internal.project.ProjectScript.apply(ProjectScript.java:34)
	at org.gradle.api.Script$apply.callCurrent(Unknown Source)
	at build_d0p2us3rb296n751e2eqb5hof.run(/Users/shuning/IdeaProjects/Skarpcraft/Forge-Tutorial/build.gradle:15)
	at org.gradle.groovy.scripts.internal.DefaultScriptRunnerFactory$ScriptRunnerImpl.run(DefaultScriptRunnerFactory.java:90)
	... 60 more
Caused by: java.lang.RuntimeException: Unable to obtain url (https://launchermeta.mojang.com/mc/game/version_manifest.json) with etag!
	at net.minecraftforge.gradle.common.BasePlugin.getWithEtag(BasePlugin.java:706)
	at net.minecraftforge.gradle.common.BasePlugin.getRemoteJsons(BasePlugin.java:218)
	at net.minecraftforge.gradle.common.BasePlugin.apply(BasePlugin.java:172)
	at net.minecraftforge.gradle.common.BasePlugin.apply(BasePlugin.java:89)
	at org.gradle.api.internal.plugins.ImperativeOnlyPluginApplicator.applyImperative(ImperativeOnlyPluginApplicator.java:35)
	at org.gradle.api.internal.plugins.RuleBasedPluginApplicator.applyImperative(RuleBasedPluginApplicator.java:43)
	at org.gradle.api.internal.plugins.DefaultPluginManager.doApply(DefaultPluginManager.java:139)
	... 70 more


CONFIGURE FAILED

Total time: 1 mins 4.391 secs
